<?xml version="1.0" encoding="UTF-8"?>
<!-- Generated by org.testng.reporters.JUnitXMLReporter -->
<testsuite hostname="LAPTOP-4QEVCKI3" ignored="0" name="ValidateTitleTest" tests="4" failures="0" timestamp="2020-05-22T12:06:16 IST" time="0.301" errors="0">
  <testcase name="@BeforeTest initialize" time="0.026" classname="Academy.ValidateTitleContact">
    <failure type="java.lang.NullPointerException">
      <![CDATA[java.lang.NullPointerException
at resources.base.initializationDriver(base.java:28)
at Academy.ValidateTitleContact.initialize(ValidateTitleContact.java:23)
at java.util.concurrent.FutureTask.run(Unknown Source)
at java.util.concurrent.ThreadPoolExecutor.runWorker(Unknown Source)
at java.util.concurrent.ThreadPoolExecutor$Worker.run(Unknown Source)
at java.lang.Thread.run(Unknown Source)
... Removed 15 stack frames]]>
    </failure>
  </testcase> <!-- @BeforeTest initialize -->
  <testcase name="@AfterTest teardown" time="-1.590129374851E9" classname="Academy.ValidateTitleContact">
    <skipped/>
  </testcase> <!-- @AfterTest teardown -->
  <testcase name="basePageNavigation" time="0.0" classname="Academy.ValidateTitleContact">
    <skipped/>
  </testcase> <!-- basePageNavigation -->
  <testcase name="ValidateTitleAPP" time="0.0" classname="Academy.HomePage2">
    <skipped/>
  </testcase> <!-- ValidateTitleAPP -->
  <testcase name="basePageNavigation" time="0.0" classname="Academy.HomePage">
    <skipped/>
  </testcase> <!-- basePageNavigation -->
  <testcase name="basePageNavigation" time="0.0" classname="Academy.HomePage">
    <skipped/>
  </testcase> <!-- basePageNavigation -->
</testsuite> <!-- ValidateTitleTest -->
